<?xml version="1.0" encoding="UTF-8"?>
<testsuite xmlns:xsi="http://www.w3.org/2001/XMLSchema-instance" xsi:noNamespaceSchemaLocation="https://maven.apache.org/surefire/maven-surefire-plugin/xsd/surefire-test-report-3.0.xsd" version="3.0" name="runner.TestRunner" time="35.441" tests="5" errors="0" skipped="0" failures="0">
  <properties>
[...]
</properties>
  <testcase name="runScenario[&quot;Login com credenciais válidas&quot;, &quot;Login e navegação no OrangeHRM&quot;](1)" classname="runner.TestRunner" time="7.728">
    <system-out><![CDATA[
Cenario: Login com credenciais válidas                        # src/test/resources/features/login.feature:11
  Dado que o usuário está na página de login do OrangeHRM     # steps.LoginSteps.acessarPaginaLogin()
  Quando ele faz login com usuário "Admin" e senha "admin123" # steps.LoginSteps.fazerLogin(java.lang.String,java.lang.String)
  Entao ele deve visualizar o Dashboard                       # steps.LoginSteps.validarDashboard()
]]></system-out>
    <system-err><![CDATA[SLF4J: Failed to load class "org.slf4j.impl.StaticLoggerBinder".
SLF4J: Defaulting to no-operation (NOP) logger implementation
SLF4J: See http://www.slf4j.org/codes.html#StaticLoggerBinder for further details.
mai 06, 2025 11:01:39 AM org.openqa.selenium.devtools.CdpVersionFinder findNearestMatch
ADVERTÊNCIA: Unable to find CDP implementation matching 136
mai 06, 2025 11:01:39 AM org.openqa.selenium.chromium.ChromiumDriver lambda$new$5
ADVERTÊNCIA: Unable to find version of CDP to use for 136.0.7103.49. You may need to include a dependency on a specific version of the CDP using something similar to `org.seleniumhq.selenium:selenium-devtools-v86:4.21.0` where the version ("v86") matches the version of the chromium-based browser you're using and the version number of the artifact is the same as Selenium's.
]]></system-err>
  </testcase>
  <testcase name="runScenario[&quot;Login com usuário inválido&quot;, &quot;Login e navegação no OrangeHRM&quot;](2)" classname="runner.TestRunner" time="5.909">
    <system-out><![CDATA[
Cenario: Login com usuário inválido                              # src/test/resources/features/login.feature:15
  Dado que o usuário está na página de login do OrangeHRM        # steps.LoginSteps.acessarPaginaLogin()
  Quando ele faz login com usuário "invalido" e senha "admin123" # steps.LoginSteps.fazerLogin(java.lang.String,java.lang.String)
  Entao uma mensagem de erro de credenciais deve ser exibida     # steps.LoginSteps.validarErroCredenciais()
]]></system-out>
    <system-err><![CDATA[mai 06, 2025 11:01:46 AM org.openqa.selenium.devtools.CdpVersionFinder findNearestMatch
ADVERTÊNCIA: Unable to find CDP implementation matching 136
mai 06, 2025 11:01:46 AM org.openqa.selenium.chromium.ChromiumDriver lambda$new$5
ADVERTÊNCIA: Unable to find version of CDP to use for 136.0.7103.49. You may need to include a dependency on a specific version of the CDP using something similar to `org.seleniumhq.selenium:selenium-devtools-v86:4.21.0` where the version ("v86") matches the version of the chromium-based browser you're using and the version number of the artifact is the same as Selenium's.
]]></system-err>
  </testcase>
  <testcase name="runScenario[&quot;Login com senha inválida&quot;, &quot;Login e navegação no OrangeHRM&quot;](3)" classname="runner.TestRunner" time="5.971">
    <system-out><![CDATA[
Cenario: Login com senha inválida                            # src/test/resources/features/login.feature:19
  Dado que o usuário está na página de login do OrangeHRM    # steps.LoginSteps.acessarPaginaLogin()
  Quando ele faz login com usuário "Admin" e senha "errada"  # steps.LoginSteps.fazerLogin(java.lang.String,java.lang.String)
  Entao uma mensagem de erro de credenciais deve ser exibida # steps.LoginSteps.validarErroCredenciais()
]]></system-out>
    <system-err><![CDATA[mai 06, 2025 11:01:52 AM org.openqa.selenium.devtools.CdpVersionFinder findNearestMatch
ADVERTÊNCIA: Unable to find CDP implementation matching 136
mai 06, 2025 11:01:52 AM org.openqa.selenium.chromium.ChromiumDriver lambda$new$5
ADVERTÊNCIA: Unable to find version of CDP to use for 136.0.7103.49. You may need to include a dependency on a specific version of the CDP using something similar to `org.seleniumhq.selenium:selenium-devtools-v86:4.21.0` where the version ("v86") matches the version of the chromium-based browser you're using and the version number of the artifact is the same as Selenium's.
]]></system-err>
  </testcase>
  <testcase name="runScenario[&quot;Login com campos vazios&quot;, &quot;Login e navegação no OrangeHRM&quot;](4)" classname="runner.TestRunner" time="4.724">
    <system-out><![CDATA[
Cenario: Login com campos vazios                                     # src/test/resources/features/login.feature:23
  Dado que o usuário está na página de login do OrangeHRM            # steps.LoginSteps.acessarPaginaLogin()
  Quando ele tenta fazer login sem preencher os campos               # steps.LoginSteps.loginComCamposVazios()
  Entao uma mensagem de erro de campos obrigatórios deve ser exibida # steps.LoginSteps.validarErroCamposObrigatorios()
]]></system-out>
    <system-err><![CDATA[mai 06, 2025 11:01:58 AM org.openqa.selenium.devtools.CdpVersionFinder findNearestMatch
ADVERTÊNCIA: Unable to find CDP implementation matching 136
mai 06, 2025 11:01:58 AM org.openqa.selenium.chromium.ChromiumDriver lambda$new$5
ADVERTÊNCIA: Unable to find version of CDP to use for 136.0.7103.49. You may need to include a dependency on a specific version of the CDP using something similar to `org.seleniumhq.selenium:selenium-devtools-v86:4.21.0` where the version ("v86") matches the version of the chromium-based browser you're using and the version number of the artifact is the same as Selenium's.
]]></system-err>
  </testcase>
  <testcase name="runScenario[&quot;Navegar até Add Employee após login&quot;, &quot;Login e navegação no OrangeHRM&quot;](5)" classname="runner.TestRunner" time="8.452">
    <system-out><![CDATA[
Cenario: Navegar até Add Employee após login                     # src/test/resources/features/login.feature:27
  Dado que o usuário está na página de login do OrangeHRM        # steps.LoginSteps.acessarPaginaLogin()
  Quando ele faz login com usuário "Admin" e senha "admin123"    # steps.LoginSteps.fazerLogin(java.lang.String,java.lang.String)
  E ele navega até o menu PIM e seleciona Add Employee           # steps.LoginSteps.navegarParaAddEmployee()
  Entao o formulário de cadastro de funcionário deve ser exibido # steps.LoginSteps.validarFormularioFuncionario()
]]></system-out>
    <system-err><![CDATA[mai 06, 2025 11:02:03 AM org.openqa.selenium.devtools.CdpVersionFinder findNearestMatch
ADVERTÊNCIA: Unable to find CDP implementation matching 136
mai 06, 2025 11:02:03 AM org.openqa.selenium.chromium.ChromiumDriver lambda$new$5
ADVERTÊNCIA: Unable to find version of CDP to use for 136.0.7103.49. You may need to include a dependency on a specific version of the CDP using something similar to `org.seleniumhq.selenium:selenium-devtools-v86:4.21.0` where the version ("v86") matches the version of the chromium-based browser you're using and the version number of the artifact is the same as Selenium's.
]]></system-err>
  </testcase>
</testsuite>