<?xml version="1.0" encoding="UTF-8"?>
<testng-results ignored="0" total="5" passed="5" failed="0" skipped="0">
  <reporter-output>
  </reporter-output>
  <suite started-at="2025-05-06T11:01:36 BRT" name="Surefire suite" finished-at="2025-05-06T11:02:11 BRT" duration-ms="35251">
    <groups>
      <group name="cucumber">
        <method signature="AbstractTestNGCucumberTests.runScenario(io.cucumber.testng.PickleWrapper,io.cucumber.testng.FeatureWrapper)[pri:0, instance:runner.TestRunner@5f9b2141]" name="runScenario" class="io.cucumber.testng.AbstractTestNGCucumberTests"/>
      </group> <!-- cucumber -->
    </groups>
    <test started-at="2025-05-06T11:01:36 BRT" name="Surefire test" finished-at="2025-05-06T11:02:11 BRT" duration-ms="35251">
      <class name="runner.TestRunner">
        <test-method is-config="true" signature="setUpClass(org.testng.ITestContext)[pri:0, instance:runner.TestRunner@5f9b2141]" started-at="2025-05-06T11:01:36 BRT" name="setUpClass" finished-at="2025-05-06T11:01:36 BRT" duration-ms="190" status="PASS">
          <params>
            <param index="0">
              <value>
                <![CDATA[org.testng.TestRunner@718f805a]]>
              </value>
            </param>
          </params>
          <reporter-output>
          </reporter-output>
        </test-method> <!-- setUpClass -->
        <test-method signature="runScenario(io.cucumber.testng.PickleWrapper,io.cucumber.testng.FeatureWrapper)[pri:0, instance:runner.TestRunner@5f9b2141]" started-at="2025-05-06T11:01:36 BRT" name="runScenario" description="Runs Cucumber Scenarios" data-provider="scenarios" finished-at="2025-05-06T11:01:44 BRT" duration-ms="7726" status="PASS">
          <params>
            <param index="0">
              <value>
                <![CDATA["Login com credenciais válidas"]]>
              </value>
            </param>
            <param index="1">
              <value>
                <![CDATA["Login e navegação no OrangeHRM"]]>
              </value>
            </param>
          </params>
          <reporter-output>
          </reporter-output>
        </test-method> <!-- runScenario -->
        <test-method signature="runScenario(io.cucumber.testng.PickleWrapper,io.cucumber.testng.FeatureWrapper)[pri:0, instance:runner.TestRunner@5f9b2141]" started-at="2025-05-06T11:01:44 BRT" name="runScenario" description="Runs Cucumber Scenarios" data-provider="scenarios" finished-at="2025-05-06T11:01:50 BRT" duration-ms="5913" status="PASS">
          <params>
            <param index="0">
              <value>
                <![CDATA["Login com usuário inválido"]]>
              </value>
            </param>
            <param index="1">
              <value>
                <![CDATA["Login e navegação no OrangeHRM"]]>
              </value>
            </param>
          </params>
          <reporter-output>
          </reporter-output>
        </test-method> <!-- runScenario -->
        <test-method signature="runScenario(io.cucumber.testng.PickleWrapper,io.cucumber.testng.FeatureWrapper)[pri:0, instance:runner.TestRunner@5f9b2141]" started-at="2025-05-06T11:01:50 BRT" name="runScenario" description="Runs Cucumber Scenarios" data-provider="scenarios" finished-at="2025-05-06T11:01:56 BRT" duration-ms="5971" status="PASS">
          <params>
            <param index="0">
              <value>
                <![CDATA["Login com senha inválida"]]>
              </value>
            </param>
            <param index="1">
              <value>
                <![CDATA["Login e navegação no OrangeHRM"]]>
              </value>
            </param>
          </params>
          <reporter-output>
          </reporter-output>
        </test-method> <!-- runScenario -->
        <test-method signature="runScenario(io.cucumber.testng.PickleWrapper,io.cucumber.testng.FeatureWrapper)[pri:0, instance:runner.TestRunner@5f9b2141]" started-at="2025-05-06T11:01:56 BRT" name="runScenario" description="Runs Cucumber Scenarios" data-provider="scenarios" finished-at="2025-05-06T11:02:01 BRT" duration-ms="4724" status="PASS">
          <params>
            <param index="0">
              <value>
                <![CDATA["Login com campos vazios"]]>
              </value>
            </param>
            <param index="1">
              <value>
                <![CDATA["Login e navegação no OrangeHRM"]]>
              </value>
            </param>
          </params>
          <reporter-output>
          </reporter-output>
        </test-method> <!-- runScenario -->
        <test-method signature="runScenario(io.cucumber.testng.PickleWrapper,io.cucumber.testng.FeatureWrapper)[pri:0, instance:runner.TestRunner@5f9b2141]" started-at="2025-05-06T11:02:01 BRT" name="runScenario" description="Runs Cucumber Scenarios" data-provider="scenarios" finished-at="2025-05-06T11:02:09 BRT" duration-ms="8451" status="PASS">
          <params>
            <param index="0">
              <value>
                <![CDATA["Navegar até Add Employee após login"]]>
              </value>
            </param>
            <param index="1">
              <value>
                <![CDATA["Login e navegação no OrangeHRM"]]>
              </value>
            </param>
          </params>
          <reporter-output>
          </reporter-output>
        </test-method> <!-- runScenario -->
        <test-method is-config="true" signature="tearDownClass()[pri:0, instance:runner.TestRunner@5f9b2141]" started-at="2025-05-06T11:02:09 BRT" name="tearDownClass" finished-at="2025-05-06T11:02:11 BRT" duration-ms="2256" status="PASS">
          <reporter-output>
          </reporter-output>
        </test-method> <!-- tearDownClass -->
      </class> <!-- runner.TestRunner -->
    </test> <!-- Surefire test -->
  </suite> <!-- Surefire suite -->
</testng-results>
